2025-06-02 22:09:52,831:WARNING:
'cuml' is a soft dependency and not included in the pycaret installation. Please run: `pip install cuml` to install.
2025-06-02 22:09:52,831:WARNING:
'cuml' is a soft dependency and not included in the pycaret installation. Please run: `pip install cuml` to install.
2025-06-02 22:09:52,831:WARNING:
'cuml' is a soft dependency and not included in the pycaret installation. Please run: `pip install cuml` to install.
2025-06-02 22:09:52,831:WARNING:
'cuml' is a soft dependency and not included in the pycaret installation. Please run: `pip install cuml` to install.
2025-06-02 22:10:17,598:WARNING:
'cuml' is a soft dependency and not included in the pycaret installation. Please run: `pip install cuml` to install.
2025-06-02 22:10:17,634:WARNING:
'cuml' is a soft dependency and not included in the pycaret installation. Please run: `pip install cuml` to install.
2025-06-02 22:10:17,634:WARNING:
'cuml' is a soft dependency and not included in the pycaret installation. Please run: `pip install cuml` to install.
2025-06-02 22:10:17,634:WARNING:
'cuml' is a soft dependency and not included in the pycaret installation. Please run: `pip install cuml` to install.
2025-06-02 22:10:19,195:INFO:PyCaret ClusteringExperiment
2025-06-02 22:10:19,195:INFO:Logging name: cluster-default-name
2025-06-02 22:10:19,195:INFO:ML Usecase: MLUsecase.CLUSTERING
2025-06-02 22:10:19,195:INFO:version 3.2.0
2025-06-02 22:10:19,195:INFO:Initializing setup()
2025-06-02 22:10:19,195:INFO:self.USI: d58d
2025-06-02 22:10:19,195:INFO:self._variable_keys: {'gpu_n_jobs_param', 'exp_name_log', 'exp_id', '_available_plots', 'n_jobs_param', 'seed', 'pipeline', 'USI', 'html_param', '_ml_usecase', 'logging_param', 'memory', 'log_plots_param', 'X', 'data', 'idx', 'gpu_param'}
2025-06-02 22:10:19,195:INFO:Checking environment
2025-06-02 22:10:19,195:INFO:python_version: 3.11.0
2025-06-02 22:10:19,195:INFO:python_build: ('main', 'Oct 24 2022 18:26:48')
2025-06-02 22:10:19,195:INFO:machine: AMD64
2025-06-02 22:10:19,208:INFO:platform: Windows-10-10.0.19045-SP0
2025-06-02 22:10:19,212:INFO:Memory: svmem(total=34286215168, available=18373005312, percent=46.4, used=15913209856, free=18373005312)
2025-06-02 22:10:19,212:INFO:Physical Core: 6
2025-06-02 22:10:19,212:INFO:Logical Core: 12
2025-06-02 22:10:19,212:INFO:Checking libraries
2025-06-02 22:10:19,212:INFO:System:
2025-06-02 22:10:19,212:INFO:    python: 3.11.0 (main, Oct 24 2022, 18:26:48) [MSC v.1933 64 bit (AMD64)]
2025-06-02 22:10:19,212:INFO:executable: C:\Users\GGjoe\AppData\Local\Programs\Python\Python311\python.exe
2025-06-02 22:10:19,212:INFO:   machine: Windows-10-10.0.19045-SP0
2025-06-02 22:10:19,212:INFO:PyCaret required dependencies:
2025-06-02 22:10:19,318:INFO:                 pip: 22.3
2025-06-02 22:10:19,318:INFO:          setuptools: 65.5.0
2025-06-02 22:10:19,318:INFO:             pycaret: 3.2.0
2025-06-02 22:10:19,318:INFO:             IPython: 9.2.0
2025-06-02 22:10:19,319:INFO:          ipywidgets: 8.1.7
2025-06-02 22:10:19,319:INFO:                tqdm: 4.67.1
2025-06-02 22:10:19,319:INFO:               numpy: 1.25.2
2025-06-02 22:10:19,319:INFO:              pandas: 1.5.3
2025-06-02 22:10:19,319:INFO:              jinja2: 3.1.6
2025-06-02 22:10:19,319:INFO:               scipy: 1.10.1
2025-06-02 22:10:19,319:INFO:              joblib: 1.3.2
2025-06-02 22:10:19,319:INFO:             sklearn: 1.2.2
2025-06-02 22:10:19,319:INFO:                pyod: 2.0.5
2025-06-02 22:10:19,319:INFO:            imblearn: 0.12.4
2025-06-02 22:10:19,319:INFO:   category_encoders: 2.7.0
2025-06-02 22:10:19,319:INFO:            lightgbm: 4.6.0
2025-06-02 22:10:19,319:INFO:               numba: 0.61.0
2025-06-02 22:10:19,319:INFO:            requests: 2.32.3
2025-06-02 22:10:19,319:INFO:          matplotlib: 3.6.0
2025-06-02 22:10:19,319:INFO:          scikitplot: 0.3.7
2025-06-02 22:10:19,319:INFO:         yellowbrick: 1.5
2025-06-02 22:10:19,319:INFO:              plotly: 5.24.1
2025-06-02 22:10:19,319:INFO:    plotly-resampler: Not installed
2025-06-02 22:10:19,319:INFO:             kaleido: 0.2.1
2025-06-02 22:10:19,319:INFO:           schemdraw: 0.15
2025-06-02 22:10:19,319:INFO:         statsmodels: 0.14.4
2025-06-02 22:10:19,319:INFO:              sktime: 0.21.1
2025-06-02 22:10:19,319:INFO:               tbats: 1.1.3
2025-06-02 22:10:19,319:INFO:            pmdarima: 2.0.4
2025-06-02 22:10:19,319:INFO:              psutil: 7.0.0
2025-06-02 22:10:19,319:INFO:          markupsafe: 3.0.2
2025-06-02 22:10:19,319:INFO:             pickle5: Not installed
2025-06-02 22:10:19,320:INFO:         cloudpickle: 2.2.1
2025-06-02 22:10:19,320:INFO:         deprecation: 2.1.0
2025-06-02 22:10:19,320:INFO:              xxhash: 3.5.0
2025-06-02 22:10:19,320:INFO:           wurlitzer: Not installed
2025-06-02 22:10:19,320:INFO:PyCaret optional dependencies:
2025-06-02 22:10:19,874:INFO:                shap: 0.44.1
2025-06-02 22:10:19,874:INFO:           interpret: 0.6.10
2025-06-02 22:10:19,874:INFO:                umap: 0.5.7
2025-06-02 22:10:19,874:INFO:     ydata_profiling: 4.16.1
2025-06-02 22:10:19,874:INFO:  explainerdashboard: 0.4.8
2025-06-02 22:10:19,874:INFO:             autoviz: Not installed
2025-06-02 22:10:19,874:INFO:           fairlearn: 0.7.0
2025-06-02 22:10:19,874:INFO:          deepchecks: Not installed
2025-06-02 22:10:19,874:INFO:             xgboost: Not installed
2025-06-02 22:10:19,874:INFO:            catboost: Not installed
2025-06-02 22:10:19,874:INFO:              kmodes: Not installed
2025-06-02 22:10:19,874:INFO:             mlxtend: Not installed
2025-06-02 22:10:19,874:INFO:       statsforecast: Not installed
2025-06-02 22:10:19,874:INFO:        tune_sklearn: Not installed
2025-06-02 22:10:19,875:INFO:                 ray: Not installed
2025-06-02 22:10:19,875:INFO:            hyperopt: Not installed
2025-06-02 22:10:19,875:INFO:              optuna: Not installed
2025-06-02 22:10:19,875:INFO:               skopt: Not installed
2025-06-02 22:10:19,875:INFO:              mlflow: 2.22.0
2025-06-02 22:10:19,875:INFO:              gradio: Not installed
2025-06-02 22:10:19,875:INFO:             fastapi: 0.115.12
2025-06-02 22:10:19,875:INFO:             uvicorn: 0.34.2
2025-06-02 22:10:19,875:INFO:              m2cgen: Not installed
2025-06-02 22:10:19,875:INFO:           evidently: Not installed
2025-06-02 22:10:19,875:INFO:               fugue: Not installed
2025-06-02 22:10:19,875:INFO:           streamlit: Not installed
2025-06-02 22:10:19,875:INFO:             prophet: Not installed
2025-06-02 22:10:19,875:INFO:None
2025-06-02 22:10:19,875:INFO:Set up data.
2025-06-02 22:10:19,879:INFO:Set up index.
2025-06-02 22:10:19,879:INFO:Assigning column types.
2025-06-02 22:10:19,881:INFO:Engine successfully changes for model 'kmeans' to 'sklearn'.
2025-06-02 22:10:19,881:INFO:Engine for model 'dbscan' has not been set explicitly, hence returning None.
2025-06-02 22:10:19,881:WARNING:
'kmodes' is a soft dependency and not included in the pycaret installation. Please run: `pip install kmodes` to install.
Alternately, you can install this by running `pip install pycaret[models]`
2025-06-02 22:10:19,881:INFO:Engine for model 'dbscan' has not been set explicitly, hence returning None.
2025-06-02 22:10:19,881:WARNING:
'kmodes' is a soft dependency and not included in the pycaret installation. Please run: `pip install kmodes` to install.
Alternately, you can install this by running `pip install pycaret[models]`
2025-06-02 22:10:19,881:INFO:Engine successfully changes for model 'dbscan' to 'sklearn'.
2025-06-02 22:10:19,881:WARNING:
'kmodes' is a soft dependency and not included in the pycaret installation. Please run: `pip install kmodes` to install.
Alternately, you can install this by running `pip install pycaret[models]`
2025-06-02 22:10:19,882:WARNING:
'kmodes' is a soft dependency and not included in the pycaret installation. Please run: `pip install kmodes` to install.
Alternately, you can install this by running `pip install pycaret[models]`
2025-06-02 22:10:19,883:INFO:Preparing preprocessing pipeline...
2025-06-02 22:10:19,883:INFO:Set up simple imputation.
2025-06-02 22:10:19,883:INFO:Set up feature normalization.
2025-06-02 22:10:19,901:INFO:Finished creating preprocessing pipeline.
2025-06-02 22:10:19,905:INFO:Pipeline: Pipeline(memory=FastMemory(location=C:\Users\GGjoe\AppData\Local\Temp\joblib),
         steps=[('numerical_imputer',
                 TransformerWrapper(include=['edad', 'ingresos_mensuales',
                                             'gastos_mensuales', 'visitas_app',
                                             'usa_web', 'numero_tarjetas',
                                             'score_crediticio',
                                             'reclamos_anuales',
                                             'actividad_mixta'],
                                    transformer=SimpleImputer())),
                ('categorical_imputer',
                 TransformerWrapper(include=[],
                                    transformer=SimpleImputer(strategy='most_frequent'))),
                ('normalize',
                 TransformerWrapper(transformer=StandardScaler()))])
2025-06-02 22:10:19,905:INFO:Creating final display dataframe.
2025-06-02 22:10:19,923:INFO:Setup _display_container:                Description                 Value
0               Session id                   123
1      Original data shape             (2000, 9)
2   Transformed data shape             (2000, 9)
3         Numeric features                     9
4               Preprocess                  True
5          Imputation type                simple
6       Numeric imputation                  mean
7   Categorical imputation                  mode
8                Normalize                  True
9         Normalize method                zscore
10                CPU Jobs                    -1
11                 Use GPU                 False
12          Log Experiment                 False
13         Experiment Name  cluster-default-name
14                     USI                  d58d
2025-06-02 22:10:19,926:WARNING:
'kmodes' is a soft dependency and not included in the pycaret installation. Please run: `pip install kmodes` to install.
Alternately, you can install this by running `pip install pycaret[models]`
2025-06-02 22:10:19,926:WARNING:
'kmodes' is a soft dependency and not included in the pycaret installation. Please run: `pip install kmodes` to install.
Alternately, you can install this by running `pip install pycaret[models]`
2025-06-02 22:10:19,927:INFO:setup() successfully completed in 0.74s...............
2025-06-02 22:10:19,927:INFO:Initializing create_model()
2025-06-02 22:10:19,927:INFO:create_model(self=<pycaret.clustering.oop.ClusteringExperiment object at 0x0000025813B57390>, estimator=kmeans, num_clusters=4, fraction=0.05, ground_truth=None, round=4, fit_kwargs=None, experiment_custom_tags=None, verbose=True, system=True, add_to_model_list=True, raise_num_clusters=False, display=None, kwargs={})
2025-06-02 22:10:19,927:INFO:Checking exceptions
2025-06-02 22:10:19,940:INFO:Importing untrained model
2025-06-02 22:10:19,940:INFO:K-Means Clustering Imported successfully
2025-06-02 22:10:19,941:INFO:Fitting Model
2025-06-02 22:10:19,949:WARNING:C:\Users\GGjoe\AppData\Local\Programs\Python\Python311\Lib\site-packages\sklearn\cluster\_kmeans.py:870: FutureWarning: The default value of `n_init` will change from 10 to 'auto' in 1.4. Set the value of `n_init` explicitly to suppress the warning
  warnings.warn(

2025-06-02 22:10:20,229:INFO:KMeans(n_clusters=4, random_state=123)
2025-06-02 22:10:20,229:INFO:create_models() successfully completed......................................
2025-06-02 22:10:20,229:INFO:Uploading results into container
2025-06-02 22:10:20,231:INFO:Uploading model into container now
2025-06-02 22:10:20,237:INFO:_master_model_container: 1
2025-06-02 22:10:20,237:INFO:_display_container: 2
2025-06-02 22:10:20,237:INFO:KMeans(n_clusters=4, random_state=123)
2025-06-02 22:10:20,237:INFO:create_model() successfully completed......................................
2025-06-02 22:10:20,307:INFO:Initializing assign_model()
2025-06-02 22:10:20,307:INFO:assign_model(self=<pycaret.clustering.oop.ClusteringExperiment object at 0x0000025813B57390>, model=KMeans(n_clusters=4, random_state=123), transformation=False, score=True, verbose=True)
2025-06-02 22:10:20,307:INFO:Checking exceptions
2025-06-02 22:10:20,307:INFO:Determining Trained Model
2025-06-02 22:10:20,307:INFO:Trained Model : K-Means Clustering
2025-06-02 22:10:20,307:INFO:Copying data
2025-06-02 22:10:20,308:INFO:(2000, 10)
2025-06-02 22:10:20,309:INFO:assign_model() successfully completed......................................
2025-06-02 22:10:20,313:INFO:Initializing save_model()
2025-06-02 22:10:20,313:INFO:save_model(model=KMeans(n_clusters=4, random_state=123), model_name=cluster_model_clientes, prep_pipe_=Pipeline(memory=FastMemory(location=C:\Users\GGjoe\AppData\Local\Temp\joblib),
         steps=[('numerical_imputer',
                 TransformerWrapper(include=['edad', 'ingresos_mensuales',
                                             'gastos_mensuales', 'visitas_app',
                                             'usa_web', 'numero_tarjetas',
                                             'score_crediticio',
                                             'reclamos_anuales',
                                             'actividad_mixta'],
                                    transformer=SimpleImputer())),
                ('categorical_imputer',
                 TransformerWrapper(include=[],
                                    transformer=SimpleImputer(strategy='most_frequent'))),
                ('normalize',
                 TransformerWrapper(transformer=StandardScaler()))]), verbose=True, use_case=MLUsecase.CLUSTERING, kwargs={})
2025-06-02 22:10:20,313:INFO:Adding model into prep_pipe
2025-06-02 22:10:20,315:INFO:cluster_model_clientes.pkl saved in current working directory
2025-06-02 22:10:20,320:INFO:Pipeline(memory=Memory(location=None),
         steps=[('numerical_imputer',
                 TransformerWrapper(include=['edad', 'ingresos_mensuales',
                                             'gastos_mensuales', 'visitas_app',
                                             'usa_web', 'numero_tarjetas',
                                             'score_crediticio',
                                             'reclamos_anuales',
                                             'actividad_mixta'],
                                    transformer=SimpleImputer())),
                ('categorical_imputer',
                 TransformerWrapper(include=[],
                                    transformer=SimpleImputer(strategy='most_frequent'))),
                ('normalize', TransformerWrapper(transformer=StandardScaler())),
                ('trained_model', KMeans(n_clusters=4, random_state=123))])
2025-06-02 22:10:20,320:INFO:save_model() successfully completed......................................
2025-06-02 22:14:52,418:WARNING:
'cuml' is a soft dependency and not included in the pycaret installation. Please run: `pip install cuml` to install.
2025-06-02 22:14:52,418:WARNING:
'cuml' is a soft dependency and not included in the pycaret installation. Please run: `pip install cuml` to install.
2025-06-02 22:14:52,418:WARNING:
'cuml' is a soft dependency and not included in the pycaret installation. Please run: `pip install cuml` to install.
2025-06-02 22:14:52,418:WARNING:
'cuml' is a soft dependency and not included in the pycaret installation. Please run: `pip install cuml` to install.
2025-06-02 22:14:53,943:INFO:Initializing load_model()
2025-06-02 22:14:53,943:INFO:load_model(model_name=cluster_model_clientes, platform=None, authentication=None, verbose=True)
2025-06-02 22:15:27,853:WARNING:
'cuml' is a soft dependency and not included in the pycaret installation. Please run: `pip install cuml` to install.
2025-06-02 22:15:27,853:WARNING:
'cuml' is a soft dependency and not included in the pycaret installation. Please run: `pip install cuml` to install.
2025-06-02 22:15:27,853:WARNING:
'cuml' is a soft dependency and not included in the pycaret installation. Please run: `pip install cuml` to install.
2025-06-02 22:15:27,853:WARNING:
'cuml' is a soft dependency and not included in the pycaret installation. Please run: `pip install cuml` to install.
2025-06-02 22:15:29,379:INFO:Initializing load_model()
2025-06-02 22:15:29,380:INFO:load_model(model_name=cluster_model_clientes, platform=None, authentication=None, verbose=True)
2025-06-02 22:39:51,849:WARNING:
'cuml' is a soft dependency and not included in the pycaret installation. Please run: `pip install cuml` to install.
2025-06-02 22:39:51,849:WARNING:
'cuml' is a soft dependency and not included in the pycaret installation. Please run: `pip install cuml` to install.
2025-06-02 22:39:51,849:WARNING:
'cuml' is a soft dependency and not included in the pycaret installation. Please run: `pip install cuml` to install.
2025-06-02 22:39:51,849:WARNING:
'cuml' is a soft dependency and not included in the pycaret installation. Please run: `pip install cuml` to install.
2025-06-02 22:39:53,389:INFO:Initializing load_model()
2025-06-02 22:39:53,389:INFO:load_model(model_name=cluster_model_clientes, platform=None, authentication=None, verbose=True)
2025-06-02 22:39:56,692:INFO:PyCaret ClusteringExperiment
2025-06-02 22:39:56,692:INFO:Logging name: cluster-default-name
2025-06-02 22:39:56,692:INFO:ML Usecase: MLUsecase.CLUSTERING
2025-06-02 22:39:56,692:INFO:version 3.2.0
2025-06-02 22:39:56,692:INFO:Initializing setup()
2025-06-02 22:39:56,692:INFO:self.USI: 2cd2
2025-06-02 22:39:56,692:INFO:self._variable_keys: {'exp_name_log', 'data', 'idx', 'memory', 'log_plots_param', 'n_jobs_param', '_available_plots', 'exp_id', 'gpu_param', 'X', 'pipeline', '_ml_usecase', 'gpu_n_jobs_param', 'logging_param', 'seed', 'USI', 'html_param'}
2025-06-02 22:39:56,692:INFO:Checking environment
2025-06-02 22:39:56,692:INFO:python_version: 3.11.0
2025-06-02 22:39:56,692:INFO:python_build: ('main', 'Oct 24 2022 18:26:48')
2025-06-02 22:39:56,692:INFO:machine: AMD64
2025-06-02 22:39:56,706:INFO:platform: Windows-10-10.0.19045-SP0
2025-06-02 22:39:56,711:INFO:Memory: svmem(total=34286215168, available=18146021376, percent=47.1, used=16140193792, free=18146021376)
2025-06-02 22:39:56,711:INFO:Physical Core: 6
2025-06-02 22:39:56,711:INFO:Logical Core: 12
2025-06-02 22:39:56,711:INFO:Checking libraries
2025-06-02 22:39:56,711:INFO:System:
2025-06-02 22:39:56,711:INFO:    python: 3.11.0 (main, Oct 24 2022, 18:26:48) [MSC v.1933 64 bit (AMD64)]
2025-06-02 22:39:56,711:INFO:executable: C:\Users\GGjoe\AppData\Local\Programs\Python\Python311\python.exe
2025-06-02 22:39:56,711:INFO:   machine: Windows-10-10.0.19045-SP0
2025-06-02 22:39:56,711:INFO:PyCaret required dependencies:
2025-06-02 22:39:56,711:INFO:                 pip: 22.3
2025-06-02 22:39:56,711:INFO:          setuptools: 65.5.0
2025-06-02 22:39:56,711:INFO:             pycaret: 3.2.0
2025-06-02 22:39:56,711:INFO:             IPython: 9.2.0
2025-06-02 22:39:56,711:INFO:          ipywidgets: 8.1.7
2025-06-02 22:39:56,711:INFO:                tqdm: 4.67.1
2025-06-02 22:39:56,711:INFO:               numpy: 1.25.2
2025-06-02 22:39:56,711:INFO:              pandas: 1.5.3
2025-06-02 22:39:56,711:INFO:              jinja2: 3.1.6
2025-06-02 22:39:56,711:INFO:               scipy: 1.10.1
2025-06-02 22:39:56,711:INFO:              joblib: 1.3.2
2025-06-02 22:39:56,711:INFO:             sklearn: 1.2.2
2025-06-02 22:39:56,712:INFO:                pyod: 2.0.5
2025-06-02 22:39:56,712:INFO:            imblearn: 0.12.4
2025-06-02 22:39:56,712:INFO:   category_encoders: 2.7.0
2025-06-02 22:39:56,712:INFO:            lightgbm: 4.6.0
2025-06-02 22:39:56,712:INFO:               numba: 0.61.0
2025-06-02 22:39:56,712:INFO:            requests: 2.32.3
2025-06-02 22:39:56,712:INFO:          matplotlib: 3.6.0
2025-06-02 22:39:56,712:INFO:          scikitplot: 0.3.7
2025-06-02 22:39:56,712:INFO:         yellowbrick: 1.5
2025-06-02 22:39:56,712:INFO:              plotly: 5.24.1
2025-06-02 22:39:56,712:INFO:    plotly-resampler: Not installed
2025-06-02 22:39:56,712:INFO:             kaleido: 0.2.1
2025-06-02 22:39:56,712:INFO:           schemdraw: 0.15
2025-06-02 22:39:56,712:INFO:         statsmodels: 0.14.4
2025-06-02 22:39:56,712:INFO:              sktime: 0.21.1
2025-06-02 22:39:56,712:INFO:               tbats: 1.1.3
2025-06-02 22:39:56,712:INFO:            pmdarima: 2.0.4
2025-06-02 22:39:56,712:INFO:              psutil: 7.0.0
2025-06-02 22:39:56,712:INFO:          markupsafe: 3.0.2
2025-06-02 22:39:56,712:INFO:             pickle5: Not installed
2025-06-02 22:39:56,712:INFO:         cloudpickle: 2.2.1
2025-06-02 22:39:56,713:INFO:         deprecation: 2.1.0
2025-06-02 22:39:56,713:INFO:              xxhash: 3.5.0
2025-06-02 22:39:56,713:INFO:           wurlitzer: Not installed
2025-06-02 22:39:56,713:INFO:PyCaret optional dependencies:
2025-06-02 22:39:56,726:INFO:                shap: 0.44.1
2025-06-02 22:39:56,726:INFO:           interpret: 0.6.10
2025-06-02 22:39:56,726:INFO:                umap: 0.5.7
2025-06-02 22:39:56,726:INFO:     ydata_profiling: 4.16.1
2025-06-02 22:39:56,726:INFO:  explainerdashboard: 0.4.8
2025-06-02 22:39:56,726:INFO:             autoviz: Not installed
2025-06-02 22:39:56,726:INFO:           fairlearn: 0.7.0
2025-06-02 22:39:56,726:INFO:          deepchecks: Not installed
2025-06-02 22:39:56,727:INFO:             xgboost: Not installed
2025-06-02 22:39:56,727:INFO:            catboost: Not installed
2025-06-02 22:39:56,727:INFO:              kmodes: Not installed
2025-06-02 22:39:56,727:INFO:             mlxtend: Not installed
2025-06-02 22:39:56,727:INFO:       statsforecast: Not installed
2025-06-02 22:39:56,727:INFO:        tune_sklearn: Not installed
2025-06-02 22:39:56,727:INFO:                 ray: Not installed
2025-06-02 22:39:56,727:INFO:            hyperopt: Not installed
2025-06-02 22:39:56,727:INFO:              optuna: Not installed
2025-06-02 22:39:56,727:INFO:               skopt: Not installed
2025-06-02 22:39:56,727:INFO:              mlflow: 2.22.0
2025-06-02 22:39:56,727:INFO:              gradio: Not installed
2025-06-02 22:39:56,727:INFO:             fastapi: 0.115.12
2025-06-02 22:39:56,727:INFO:             uvicorn: 0.34.2
2025-06-02 22:39:56,727:INFO:              m2cgen: Not installed
2025-06-02 22:39:56,727:INFO:           evidently: Not installed
2025-06-02 22:39:56,727:INFO:               fugue: Not installed
2025-06-02 22:39:56,727:INFO:           streamlit: Not installed
2025-06-02 22:39:56,727:INFO:             prophet: Not installed
2025-06-02 22:39:56,727:INFO:None
2025-06-02 22:39:56,727:INFO:Set up data.
2025-06-02 22:39:56,730:INFO:Set up index.
2025-06-02 22:39:56,730:INFO:Assigning column types.
2025-06-02 22:39:56,732:INFO:Engine successfully changes for model 'kmeans' to 'sklearn'.
2025-06-02 22:39:56,732:INFO:Engine for model 'dbscan' has not been set explicitly, hence returning None.
2025-06-02 22:39:56,732:WARNING:
'kmodes' is a soft dependency and not included in the pycaret installation. Please run: `pip install kmodes` to install.
Alternately, you can install this by running `pip install pycaret[models]`
2025-06-02 22:39:56,733:INFO:Engine for model 'dbscan' has not been set explicitly, hence returning None.
2025-06-02 22:39:56,733:WARNING:
'kmodes' is a soft dependency and not included in the pycaret installation. Please run: `pip install kmodes` to install.
Alternately, you can install this by running `pip install pycaret[models]`
2025-06-02 22:39:56,733:INFO:Engine successfully changes for model 'dbscan' to 'sklearn'.
2025-06-02 22:39:56,733:WARNING:
'kmodes' is a soft dependency and not included in the pycaret installation. Please run: `pip install kmodes` to install.
Alternately, you can install this by running `pip install pycaret[models]`
2025-06-02 22:39:56,733:WARNING:
'kmodes' is a soft dependency and not included in the pycaret installation. Please run: `pip install kmodes` to install.
Alternately, you can install this by running `pip install pycaret[models]`
2025-06-02 22:39:56,735:INFO:Preparing preprocessing pipeline...
2025-06-02 22:39:56,735:INFO:Set up simple imputation.
2025-06-02 22:39:56,746:INFO:Finished creating preprocessing pipeline.
2025-06-02 22:39:56,750:INFO:Pipeline: Pipeline(memory=FastMemory(location=C:\Users\GGjoe\AppData\Local\Temp\joblib),
         steps=[('numerical_imputer',
                 TransformerWrapper(include=['edad', 'ingresos_mensuales',
                                             'gastos_mensuales', 'visitas_app',
                                             'usa_web', 'numero_tarjetas',
                                             'score_crediticio',
                                             'reclamos_anuales',
                                             'actividad_mixta'],
                                    transformer=SimpleImputer())),
                ('categorical_imputer',
                 TransformerWrapper(include=[],
                                    transformer=SimpleImputer(strategy='most_frequent')))])
2025-06-02 22:39:56,751:INFO:Creating final display dataframe.
2025-06-02 22:39:56,765:INFO:Setup _display_container:                Description                 Value
0               Session id                   123
1      Original data shape                (1, 9)
2   Transformed data shape                (1, 9)
3         Numeric features                     9
4               Preprocess                  True
5          Imputation type                simple
6       Numeric imputation                  mean
7   Categorical imputation                  mode
8                 CPU Jobs                    -1
9                  Use GPU                 False
10          Log Experiment                 False
11         Experiment Name  cluster-default-name
12                     USI                  2cd2
2025-06-02 22:39:56,769:WARNING:
'kmodes' is a soft dependency and not included in the pycaret installation. Please run: `pip install kmodes` to install.
Alternately, you can install this by running `pip install pycaret[models]`
2025-06-02 22:39:56,769:WARNING:
'kmodes' is a soft dependency and not included in the pycaret installation. Please run: `pip install kmodes` to install.
Alternately, you can install this by running `pip install pycaret[models]`
2025-06-02 22:39:56,770:INFO:setup() successfully completed in 0.08s...............
2025-06-02 22:39:56,773:INFO:Initializing predict_model()
2025-06-02 22:39:56,774:INFO:predict_model(self=<pycaret.clustering.oop.ClusteringExperiment object at 0x0000024FDA0CED90>, estimator=Pipeline(memory=Memory(location=None),
         steps=[('numerical_imputer',
                 TransformerWrapper(include=['edad', 'ingresos_mensuales',
                                             'gastos_mensuales', 'visitas_app',
                                             'usa_web', 'numero_tarjetas',
                                             'score_crediticio',
                                             'reclamos_anuales',
                                             'actividad_mixta'],
                                    transformer=SimpleImputer())),
                ('categorical_imputer',
                 TransformerWrapper(include=[],
                                    transformer=SimpleImputer(strategy='most_frequent'))),
                ('normalize', TransformerWrapper(transformer=StandardScaler())),
                ('trained_model', KMeans(n_clusters=4, random_state=123))]), ml_usecase=None)
2025-06-02 22:39:56,774:INFO:Set up data.
2025-06-02 22:41:14,702:WARNING:
'cuml' is a soft dependency and not included in the pycaret installation. Please run: `pip install cuml` to install.
2025-06-02 22:41:14,703:WARNING:
'cuml' is a soft dependency and not included in the pycaret installation. Please run: `pip install cuml` to install.
2025-06-02 22:41:14,703:WARNING:
'cuml' is a soft dependency and not included in the pycaret installation. Please run: `pip install cuml` to install.
2025-06-02 22:41:14,703:WARNING:
'cuml' is a soft dependency and not included in the pycaret installation. Please run: `pip install cuml` to install.
2025-06-02 22:41:16,192:INFO:Initializing load_model()
2025-06-02 22:41:16,192:INFO:load_model(model_name=cluster_model_clientes, platform=None, authentication=None, verbose=True)
2025-06-02 22:41:23,882:WARNING:
'cuml' is a soft dependency and not included in the pycaret installation. Please run: `pip install cuml` to install.
2025-06-02 22:41:23,882:WARNING:
'cuml' is a soft dependency and not included in the pycaret installation. Please run: `pip install cuml` to install.
2025-06-02 22:41:23,882:WARNING:
'cuml' is a soft dependency and not included in the pycaret installation. Please run: `pip install cuml` to install.
2025-06-02 22:41:23,882:WARNING:
'cuml' is a soft dependency and not included in the pycaret installation. Please run: `pip install cuml` to install.
2025-06-02 22:41:25,496:INFO:PyCaret ClusteringExperiment
2025-06-02 22:41:25,496:INFO:Logging name: cluster-default-name
2025-06-02 22:41:25,496:INFO:ML Usecase: MLUsecase.CLUSTERING
2025-06-02 22:41:25,496:INFO:version 3.2.0
2025-06-02 22:41:25,496:INFO:Initializing setup()
2025-06-02 22:41:25,496:INFO:self.USI: e9e5
2025-06-02 22:41:25,496:INFO:self._variable_keys: {'USI', '_available_plots', 'html_param', '_ml_usecase', 'data', 'exp_name_log', 'pipeline', 'n_jobs_param', 'memory', 'seed', 'exp_id', 'gpu_param', 'log_plots_param', 'logging_param', 'gpu_n_jobs_param', 'idx', 'X'}
2025-06-02 22:41:25,496:INFO:Checking environment
2025-06-02 22:41:25,496:INFO:python_version: 3.11.0
2025-06-02 22:41:25,497:INFO:python_build: ('main', 'Oct 24 2022 18:26:48')
2025-06-02 22:41:25,497:INFO:machine: AMD64
2025-06-02 22:41:25,509:INFO:platform: Windows-10-10.0.19045-SP0
2025-06-02 22:41:25,517:INFO:Memory: svmem(total=34286215168, available=18440671232, percent=46.2, used=15845543936, free=18440671232)
2025-06-02 22:41:25,517:INFO:Physical Core: 6
2025-06-02 22:41:25,517:INFO:Logical Core: 12
2025-06-02 22:41:25,517:INFO:Checking libraries
2025-06-02 22:41:25,517:INFO:System:
2025-06-02 22:41:25,517:INFO:    python: 3.11.0 (main, Oct 24 2022, 18:26:48) [MSC v.1933 64 bit (AMD64)]
2025-06-02 22:41:25,517:INFO:executable: C:\Users\GGjoe\AppData\Local\Programs\Python\Python311\python.exe
2025-06-02 22:41:25,517:INFO:   machine: Windows-10-10.0.19045-SP0
2025-06-02 22:41:25,517:INFO:PyCaret required dependencies:
2025-06-02 22:41:25,608:INFO:                 pip: 22.3
2025-06-02 22:41:25,608:INFO:          setuptools: 65.5.0
2025-06-02 22:41:25,608:INFO:             pycaret: 3.2.0
2025-06-02 22:41:25,608:INFO:             IPython: 9.2.0
2025-06-02 22:41:25,608:INFO:          ipywidgets: 8.1.7
2025-06-02 22:41:25,608:INFO:                tqdm: 4.67.1
2025-06-02 22:41:25,608:INFO:               numpy: 1.25.2
2025-06-02 22:41:25,608:INFO:              pandas: 1.5.3
2025-06-02 22:41:25,608:INFO:              jinja2: 3.1.6
2025-06-02 22:41:25,609:INFO:               scipy: 1.10.1
2025-06-02 22:41:25,609:INFO:              joblib: 1.3.2
2025-06-02 22:41:25,609:INFO:             sklearn: 1.2.2
2025-06-02 22:41:25,609:INFO:                pyod: 2.0.5
2025-06-02 22:41:25,609:INFO:            imblearn: 0.12.4
2025-06-02 22:41:25,609:INFO:   category_encoders: 2.7.0
2025-06-02 22:41:25,609:INFO:            lightgbm: 4.6.0
2025-06-02 22:41:25,609:INFO:               numba: 0.61.0
2025-06-02 22:41:25,609:INFO:            requests: 2.32.3
2025-06-02 22:41:25,609:INFO:          matplotlib: 3.6.0
2025-06-02 22:41:25,609:INFO:          scikitplot: 0.3.7
2025-06-02 22:41:25,609:INFO:         yellowbrick: 1.5
2025-06-02 22:41:25,609:INFO:              plotly: 5.24.1
2025-06-02 22:41:25,609:INFO:    plotly-resampler: Not installed
2025-06-02 22:41:25,609:INFO:             kaleido: 0.2.1
2025-06-02 22:41:25,609:INFO:           schemdraw: 0.15
2025-06-02 22:41:25,609:INFO:         statsmodels: 0.14.4
2025-06-02 22:41:25,609:INFO:              sktime: 0.21.1
2025-06-02 22:41:25,609:INFO:               tbats: 1.1.3
2025-06-02 22:41:25,609:INFO:            pmdarima: 2.0.4
2025-06-02 22:41:25,609:INFO:              psutil: 7.0.0
2025-06-02 22:41:25,609:INFO:          markupsafe: 3.0.2
2025-06-02 22:41:25,609:INFO:             pickle5: Not installed
2025-06-02 22:41:25,609:INFO:         cloudpickle: 2.2.1
2025-06-02 22:41:25,609:INFO:         deprecation: 2.1.0
2025-06-02 22:41:25,609:INFO:              xxhash: 3.5.0
2025-06-02 22:41:25,609:INFO:           wurlitzer: Not installed
2025-06-02 22:41:25,609:INFO:PyCaret optional dependencies:
2025-06-02 22:41:26,148:INFO:                shap: 0.44.1
2025-06-02 22:41:26,148:INFO:           interpret: 0.6.10
2025-06-02 22:41:26,148:INFO:                umap: 0.5.7
2025-06-02 22:41:26,148:INFO:     ydata_profiling: 4.16.1
2025-06-02 22:41:26,148:INFO:  explainerdashboard: 0.4.8
2025-06-02 22:41:26,148:INFO:             autoviz: Not installed
2025-06-02 22:41:26,148:INFO:           fairlearn: 0.7.0
2025-06-02 22:41:26,148:INFO:          deepchecks: Not installed
2025-06-02 22:41:26,148:INFO:             xgboost: Not installed
2025-06-02 22:41:26,148:INFO:            catboost: Not installed
2025-06-02 22:41:26,148:INFO:              kmodes: Not installed
2025-06-02 22:41:26,148:INFO:             mlxtend: Not installed
2025-06-02 22:41:26,148:INFO:       statsforecast: Not installed
2025-06-02 22:41:26,149:INFO:        tune_sklearn: Not installed
2025-06-02 22:41:26,149:INFO:                 ray: Not installed
2025-06-02 22:41:26,149:INFO:            hyperopt: Not installed
2025-06-02 22:41:26,149:INFO:              optuna: Not installed
2025-06-02 22:41:26,149:INFO:               skopt: Not installed
2025-06-02 22:41:26,149:INFO:              mlflow: 2.22.0
2025-06-02 22:41:26,149:INFO:              gradio: Not installed
2025-06-02 22:41:26,149:INFO:             fastapi: 0.115.12
2025-06-02 22:41:26,149:INFO:             uvicorn: 0.34.2
2025-06-02 22:41:26,149:INFO:              m2cgen: Not installed
2025-06-02 22:41:26,149:INFO:           evidently: Not installed
2025-06-02 22:41:26,149:INFO:               fugue: Not installed
2025-06-02 22:41:26,149:INFO:           streamlit: Not installed
2025-06-02 22:41:26,149:INFO:             prophet: Not installed
2025-06-02 22:41:26,149:INFO:None
2025-06-02 22:41:26,149:INFO:Set up data.
2025-06-02 22:41:26,153:INFO:Set up index.
2025-06-02 22:41:26,153:INFO:Assigning column types.
2025-06-02 22:41:26,155:INFO:Engine successfully changes for model 'kmeans' to 'sklearn'.
2025-06-02 22:41:26,155:INFO:Engine for model 'dbscan' has not been set explicitly, hence returning None.
2025-06-02 22:41:26,155:WARNING:
'kmodes' is a soft dependency and not included in the pycaret installation. Please run: `pip install kmodes` to install.
Alternately, you can install this by running `pip install pycaret[models]`
2025-06-02 22:41:26,155:INFO:Engine for model 'dbscan' has not been set explicitly, hence returning None.
2025-06-02 22:41:26,155:WARNING:
'kmodes' is a soft dependency and not included in the pycaret installation. Please run: `pip install kmodes` to install.
Alternately, you can install this by running `pip install pycaret[models]`
2025-06-02 22:41:26,156:INFO:Engine successfully changes for model 'dbscan' to 'sklearn'.
2025-06-02 22:41:26,156:WARNING:
'kmodes' is a soft dependency and not included in the pycaret installation. Please run: `pip install kmodes` to install.
Alternately, you can install this by running `pip install pycaret[models]`
2025-06-02 22:41:26,156:WARNING:
'kmodes' is a soft dependency and not included in the pycaret installation. Please run: `pip install kmodes` to install.
Alternately, you can install this by running `pip install pycaret[models]`
2025-06-02 22:41:26,157:INFO:Preparing preprocessing pipeline...
2025-06-02 22:41:26,157:INFO:Set up simple imputation.
2025-06-02 22:41:26,157:INFO:Set up feature normalization.
2025-06-02 22:41:26,173:INFO:Finished creating preprocessing pipeline.
2025-06-02 22:41:26,178:INFO:Pipeline: Pipeline(memory=FastMemory(location=C:\Users\GGjoe\AppData\Local\Temp\joblib),
         steps=[('numerical_imputer',
                 TransformerWrapper(include=['edad', 'ingresos_mensuales',
                                             'gastos_mensuales', 'visitas_app',
                                             'usa_web', 'numero_tarjetas',
                                             'score_crediticio',
                                             'reclamos_anuales',
                                             'actividad_mixta'],
                                    transformer=SimpleImputer())),
                ('categorical_imputer',
                 TransformerWrapper(include=[],
                                    transformer=SimpleImputer(strategy='most_frequent'))),
                ('normalize',
                 TransformerWrapper(transformer=StandardScaler()))])
2025-06-02 22:41:26,178:INFO:Creating final display dataframe.
2025-06-02 22:41:26,195:INFO:Setup _display_container:                Description                 Value
0               Session id                   123
1      Original data shape             (2000, 9)
2   Transformed data shape             (2000, 9)
3         Numeric features                     9
4               Preprocess                  True
5          Imputation type                simple
6       Numeric imputation                  mean
7   Categorical imputation                  mode
8                Normalize                  True
9         Normalize method                zscore
10                CPU Jobs                    -1
11                 Use GPU                 False
12          Log Experiment                 False
13         Experiment Name  cluster-default-name
14                     USI                  e9e5
2025-06-02 22:41:26,199:WARNING:
'kmodes' is a soft dependency and not included in the pycaret installation. Please run: `pip install kmodes` to install.
Alternately, you can install this by running `pip install pycaret[models]`
2025-06-02 22:41:26,199:WARNING:
'kmodes' is a soft dependency and not included in the pycaret installation. Please run: `pip install kmodes` to install.
Alternately, you can install this by running `pip install pycaret[models]`
2025-06-02 22:41:26,200:INFO:setup() successfully completed in 0.71s...............
2025-06-02 22:41:26,200:INFO:Initializing create_model()
2025-06-02 22:41:26,200:INFO:create_model(self=<pycaret.clustering.oop.ClusteringExperiment object at 0x000002A5B3A27390>, estimator=kmeans, num_clusters=4, fraction=0.05, ground_truth=None, round=4, fit_kwargs=None, experiment_custom_tags=None, verbose=True, system=True, add_to_model_list=True, raise_num_clusters=False, display=None, kwargs={})
2025-06-02 22:41:26,200:INFO:Checking exceptions
2025-06-02 22:41:26,215:INFO:Importing untrained model
2025-06-02 22:41:26,215:INFO:K-Means Clustering Imported successfully
2025-06-02 22:41:26,216:INFO:Fitting Model
2025-06-02 22:41:26,224:WARNING:C:\Users\GGjoe\AppData\Local\Programs\Python\Python311\Lib\site-packages\sklearn\cluster\_kmeans.py:870: FutureWarning: The default value of `n_init` will change from 10 to 'auto' in 1.4. Set the value of `n_init` explicitly to suppress the warning
  warnings.warn(

2025-06-02 22:41:26,464:INFO:KMeans(n_clusters=4, random_state=123)
2025-06-02 22:41:26,464:INFO:create_models() successfully completed......................................
2025-06-02 22:41:26,464:INFO:Uploading results into container
2025-06-02 22:41:26,467:INFO:Uploading model into container now
2025-06-02 22:41:26,474:INFO:_master_model_container: 1
2025-06-02 22:41:26,474:INFO:_display_container: 2
2025-06-02 22:41:26,474:INFO:KMeans(n_clusters=4, random_state=123)
2025-06-02 22:41:26,474:INFO:create_model() successfully completed......................................
2025-06-02 22:41:26,540:INFO:Initializing assign_model()
2025-06-02 22:41:26,540:INFO:assign_model(self=<pycaret.clustering.oop.ClusteringExperiment object at 0x000002A5B3A27390>, model=KMeans(n_clusters=4, random_state=123), transformation=False, score=True, verbose=True)
2025-06-02 22:41:26,540:INFO:Checking exceptions
2025-06-02 22:41:26,541:INFO:Determining Trained Model
2025-06-02 22:41:26,541:INFO:Trained Model : K-Means Clustering
2025-06-02 22:41:26,541:INFO:Copying data
2025-06-02 22:41:26,542:INFO:(2000, 10)
2025-06-02 22:41:26,542:INFO:assign_model() successfully completed......................................
2025-06-02 22:41:26,546:INFO:Initializing save_model()
2025-06-02 22:41:26,546:INFO:save_model(model=KMeans(n_clusters=4, random_state=123), model_name=cluster_model_clientes, prep_pipe_=Pipeline(memory=FastMemory(location=C:\Users\GGjoe\AppData\Local\Temp\joblib),
         steps=[('numerical_imputer',
                 TransformerWrapper(include=['edad', 'ingresos_mensuales',
                                             'gastos_mensuales', 'visitas_app',
                                             'usa_web', 'numero_tarjetas',
                                             'score_crediticio',
                                             'reclamos_anuales',
                                             'actividad_mixta'],
                                    transformer=SimpleImputer())),
                ('categorical_imputer',
                 TransformerWrapper(include=[],
                                    transformer=SimpleImputer(strategy='most_frequent'))),
                ('normalize',
                 TransformerWrapper(transformer=StandardScaler()))]), verbose=True, use_case=MLUsecase.CLUSTERING, kwargs={})
2025-06-02 22:41:26,546:INFO:Adding model into prep_pipe
2025-06-02 22:41:26,549:INFO:cluster_model_clientes.pkl saved in current working directory
2025-06-02 22:41:26,556:INFO:Pipeline(memory=Memory(location=None),
         steps=[('numerical_imputer',
                 TransformerWrapper(include=['edad', 'ingresos_mensuales',
                                             'gastos_mensuales', 'visitas_app',
                                             'usa_web', 'numero_tarjetas',
                                             'score_crediticio',
                                             'reclamos_anuales',
                                             'actividad_mixta'],
                                    transformer=SimpleImputer())),
                ('categorical_imputer',
                 TransformerWrapper(include=[],
                                    transformer=SimpleImputer(strategy='most_frequent'))),
                ('normalize', TransformerWrapper(transformer=StandardScaler())),
                ('trained_model', KMeans(n_clusters=4, random_state=123))])
2025-06-02 22:41:26,556:INFO:save_model() successfully completed......................................
2025-06-02 22:41:50,927:WARNING:
'cuml' is a soft dependency and not included in the pycaret installation. Please run: `pip install cuml` to install.
2025-06-02 22:41:50,927:WARNING:
'cuml' is a soft dependency and not included in the pycaret installation. Please run: `pip install cuml` to install.
2025-06-02 22:41:50,927:WARNING:
'cuml' is a soft dependency and not included in the pycaret installation. Please run: `pip install cuml` to install.
2025-06-02 22:41:50,927:WARNING:
'cuml' is a soft dependency and not included in the pycaret installation. Please run: `pip install cuml` to install.
2025-06-02 22:41:52,391:INFO:Initializing load_model()
2025-06-02 22:41:52,391:INFO:load_model(model_name=cluster_model_clientes, platform=None, authentication=None, verbose=True)
2025-06-02 22:42:03,442:WARNING:
'cuml' is a soft dependency and not included in the pycaret installation. Please run: `pip install cuml` to install.
2025-06-02 22:42:03,442:WARNING:
'cuml' is a soft dependency and not included in the pycaret installation. Please run: `pip install cuml` to install.
2025-06-02 22:42:03,442:WARNING:
'cuml' is a soft dependency and not included in the pycaret installation. Please run: `pip install cuml` to install.
2025-06-02 22:42:03,443:WARNING:
'cuml' is a soft dependency and not included in the pycaret installation. Please run: `pip install cuml` to install.
2025-06-02 22:42:04,871:INFO:Initializing load_model()
2025-06-02 22:42:04,871:INFO:load_model(model_name=cluster_model_clientes, platform=None, authentication=None, verbose=True)
2025-06-02 22:42:16,936:INFO:PyCaret ClusteringExperiment
2025-06-02 22:42:16,936:INFO:Logging name: cluster-default-name
2025-06-02 22:42:16,936:INFO:ML Usecase: MLUsecase.CLUSTERING
2025-06-02 22:42:16,937:INFO:version 3.2.0
2025-06-02 22:42:16,937:INFO:Initializing setup()
2025-06-02 22:42:16,937:INFO:self.USI: e5b7
2025-06-02 22:42:16,937:INFO:self._variable_keys: {'seed', 'idx', 'exp_name_log', 'exp_id', 'log_plots_param', '_available_plots', 'USI', 'X', 'data', 'memory', 'pipeline', 'html_param', '_ml_usecase', 'n_jobs_param', 'logging_param', 'gpu_param', 'gpu_n_jobs_param'}
2025-06-02 22:42:16,937:INFO:Checking environment
2025-06-02 22:42:16,937:INFO:python_version: 3.11.0
2025-06-02 22:42:16,937:INFO:python_build: ('main', 'Oct 24 2022 18:26:48')
2025-06-02 22:42:16,937:INFO:machine: AMD64
2025-06-02 22:42:16,949:INFO:platform: Windows-10-10.0.19045-SP0
2025-06-02 22:42:16,953:INFO:Memory: svmem(total=34286215168, available=18304327680, percent=46.6, used=15981887488, free=18304327680)
2025-06-02 22:42:16,953:INFO:Physical Core: 6
2025-06-02 22:42:16,953:INFO:Logical Core: 12
2025-06-02 22:42:16,954:INFO:Checking libraries
2025-06-02 22:42:16,954:INFO:System:
2025-06-02 22:42:16,954:INFO:    python: 3.11.0 (main, Oct 24 2022, 18:26:48) [MSC v.1933 64 bit (AMD64)]
2025-06-02 22:42:16,954:INFO:executable: C:\Users\GGjoe\AppData\Local\Programs\Python\Python311\python.exe
2025-06-02 22:42:16,954:INFO:   machine: Windows-10-10.0.19045-SP0
2025-06-02 22:42:16,954:INFO:PyCaret required dependencies:
2025-06-02 22:42:16,954:INFO:                 pip: 22.3
2025-06-02 22:42:16,954:INFO:          setuptools: 65.5.0
2025-06-02 22:42:16,954:INFO:             pycaret: 3.2.0
2025-06-02 22:42:16,954:INFO:             IPython: 9.2.0
2025-06-02 22:42:16,954:INFO:          ipywidgets: 8.1.7
2025-06-02 22:42:16,954:INFO:                tqdm: 4.67.1
2025-06-02 22:42:16,954:INFO:               numpy: 1.25.2
2025-06-02 22:42:16,954:INFO:              pandas: 1.5.3
2025-06-02 22:42:16,954:INFO:              jinja2: 3.1.6
2025-06-02 22:42:16,954:INFO:               scipy: 1.10.1
2025-06-02 22:42:16,954:INFO:              joblib: 1.3.2
2025-06-02 22:42:16,954:INFO:             sklearn: 1.2.2
2025-06-02 22:42:16,954:INFO:                pyod: 2.0.5
2025-06-02 22:42:16,954:INFO:            imblearn: 0.12.4
2025-06-02 22:42:16,954:INFO:   category_encoders: 2.7.0
2025-06-02 22:42:16,954:INFO:            lightgbm: 4.6.0
2025-06-02 22:42:16,954:INFO:               numba: 0.61.0
2025-06-02 22:42:16,954:INFO:            requests: 2.32.3
2025-06-02 22:42:16,954:INFO:          matplotlib: 3.6.0
2025-06-02 22:42:16,954:INFO:          scikitplot: 0.3.7
2025-06-02 22:42:16,954:INFO:         yellowbrick: 1.5
2025-06-02 22:42:16,954:INFO:              plotly: 5.24.1
2025-06-02 22:42:16,955:INFO:    plotly-resampler: Not installed
2025-06-02 22:42:16,955:INFO:             kaleido: 0.2.1
2025-06-02 22:42:16,955:INFO:           schemdraw: 0.15
2025-06-02 22:42:16,955:INFO:         statsmodels: 0.14.4
2025-06-02 22:42:16,955:INFO:              sktime: 0.21.1
2025-06-02 22:42:16,955:INFO:               tbats: 1.1.3
2025-06-02 22:42:16,955:INFO:            pmdarima: 2.0.4
2025-06-02 22:42:16,955:INFO:              psutil: 7.0.0
2025-06-02 22:42:16,955:INFO:          markupsafe: 3.0.2
2025-06-02 22:42:16,955:INFO:             pickle5: Not installed
2025-06-02 22:42:16,955:INFO:         cloudpickle: 2.2.1
2025-06-02 22:42:16,955:INFO:         deprecation: 2.1.0
2025-06-02 22:42:16,955:INFO:              xxhash: 3.5.0
2025-06-02 22:42:16,955:INFO:           wurlitzer: Not installed
2025-06-02 22:42:16,955:INFO:PyCaret optional dependencies:
2025-06-02 22:42:16,967:INFO:                shap: 0.44.1
2025-06-02 22:42:16,968:INFO:           interpret: 0.6.10
2025-06-02 22:42:16,968:INFO:                umap: 0.5.7
2025-06-02 22:42:16,968:INFO:     ydata_profiling: 4.16.1
2025-06-02 22:42:16,968:INFO:  explainerdashboard: 0.4.8
2025-06-02 22:42:16,968:INFO:             autoviz: Not installed
2025-06-02 22:42:16,968:INFO:           fairlearn: 0.7.0
2025-06-02 22:42:16,968:INFO:          deepchecks: Not installed
2025-06-02 22:42:16,968:INFO:             xgboost: Not installed
2025-06-02 22:42:16,968:INFO:            catboost: Not installed
2025-06-02 22:42:16,968:INFO:              kmodes: Not installed
2025-06-02 22:42:16,968:INFO:             mlxtend: Not installed
2025-06-02 22:42:16,968:INFO:       statsforecast: Not installed
2025-06-02 22:42:16,968:INFO:        tune_sklearn: Not installed
2025-06-02 22:42:16,968:INFO:                 ray: Not installed
2025-06-02 22:42:16,968:INFO:            hyperopt: Not installed
2025-06-02 22:42:16,968:INFO:              optuna: Not installed
2025-06-02 22:42:16,968:INFO:               skopt: Not installed
2025-06-02 22:42:16,968:INFO:              mlflow: 2.22.0
2025-06-02 22:42:16,968:INFO:              gradio: Not installed
2025-06-02 22:42:16,968:INFO:             fastapi: 0.115.12
2025-06-02 22:42:16,968:INFO:             uvicorn: 0.34.2
2025-06-02 22:42:16,968:INFO:              m2cgen: Not installed
2025-06-02 22:42:16,968:INFO:           evidently: Not installed
2025-06-02 22:42:16,968:INFO:               fugue: Not installed
2025-06-02 22:42:16,968:INFO:           streamlit: Not installed
2025-06-02 22:42:16,968:INFO:             prophet: Not installed
2025-06-02 22:42:16,969:INFO:None
2025-06-02 22:42:16,969:INFO:Set up data.
2025-06-02 22:42:16,972:INFO:Set up index.
2025-06-02 22:42:16,972:INFO:Assigning column types.
2025-06-02 22:42:16,974:INFO:Engine successfully changes for model 'kmeans' to 'sklearn'.
2025-06-02 22:42:16,974:INFO:Engine for model 'dbscan' has not been set explicitly, hence returning None.
2025-06-02 22:42:16,974:WARNING:
'kmodes' is a soft dependency and not included in the pycaret installation. Please run: `pip install kmodes` to install.
Alternately, you can install this by running `pip install pycaret[models]`
2025-06-02 22:42:16,974:INFO:Engine for model 'dbscan' has not been set explicitly, hence returning None.
2025-06-02 22:42:16,974:WARNING:
'kmodes' is a soft dependency and not included in the pycaret installation. Please run: `pip install kmodes` to install.
Alternately, you can install this by running `pip install pycaret[models]`
2025-06-02 22:42:16,974:INFO:Engine successfully changes for model 'dbscan' to 'sklearn'.
2025-06-02 22:42:16,974:WARNING:
'kmodes' is a soft dependency and not included in the pycaret installation. Please run: `pip install kmodes` to install.
Alternately, you can install this by running `pip install pycaret[models]`
2025-06-02 22:42:16,975:WARNING:
'kmodes' is a soft dependency and not included in the pycaret installation. Please run: `pip install kmodes` to install.
Alternately, you can install this by running `pip install pycaret[models]`
2025-06-02 22:42:16,976:INFO:Preparing preprocessing pipeline...
2025-06-02 22:42:16,976:INFO:Set up simple imputation.
2025-06-02 22:42:16,988:INFO:Finished creating preprocessing pipeline.
2025-06-02 22:42:16,992:INFO:Pipeline: Pipeline(memory=FastMemory(location=C:\Users\GGjoe\AppData\Local\Temp\joblib),
         steps=[('numerical_imputer',
                 TransformerWrapper(include=['edad', 'ingresos_mensuales',
                                             'gastos_mensuales', 'visitas_app',
                                             'usa_web', 'numero_tarjetas',
                                             'score_crediticio',
                                             'reclamos_anuales',
                                             'actividad_mixta'],
                                    transformer=SimpleImputer())),
                ('categorical_imputer',
                 TransformerWrapper(include=[],
                                    transformer=SimpleImputer(strategy='most_frequent')))])
2025-06-02 22:42:16,992:INFO:Creating final display dataframe.
2025-06-02 22:42:17,004:INFO:Setup _display_container:                Description                 Value
0               Session id                   123
1      Original data shape                (1, 9)
2   Transformed data shape                (1, 9)
3         Numeric features                     9
4               Preprocess                  True
5          Imputation type                simple
6       Numeric imputation                  mean
7   Categorical imputation                  mode
8                 CPU Jobs                    -1
9                  Use GPU                 False
10          Log Experiment                 False
11         Experiment Name  cluster-default-name
12                     USI                  e5b7
2025-06-02 22:42:17,008:WARNING:
'kmodes' is a soft dependency and not included in the pycaret installation. Please run: `pip install kmodes` to install.
Alternately, you can install this by running `pip install pycaret[models]`
2025-06-02 22:42:17,008:WARNING:
'kmodes' is a soft dependency and not included in the pycaret installation. Please run: `pip install kmodes` to install.
Alternately, you can install this by running `pip install pycaret[models]`
2025-06-02 22:42:17,008:INFO:setup() successfully completed in 0.08s...............
2025-06-02 22:42:17,012:INFO:Initializing predict_model()
2025-06-02 22:42:17,012:INFO:predict_model(self=<pycaret.clustering.oop.ClusteringExperiment object at 0x00000195B9C51FD0>, estimator=Pipeline(memory=Memory(location=None),
         steps=[('numerical_imputer',
                 TransformerWrapper(include=['edad', 'ingresos_mensuales',
                                             'gastos_mensuales', 'visitas_app',
                                             'usa_web', 'numero_tarjetas',
                                             'score_crediticio',
                                             'reclamos_anuales',
                                             'actividad_mixta'],
                                    transformer=SimpleImputer())),
                ('categorical_imputer',
                 TransformerWrapper(include=[],
                                    transformer=SimpleImputer(strategy='most_frequent'))),
                ('normalize', TransformerWrapper(transformer=StandardScaler())),
                ('trained_model', KMeans(n_clusters=4, random_state=123))]), ml_usecase=None)
2025-06-02 22:42:17,012:INFO:Set up data.
2025-06-02 22:42:17,871:INFO:PyCaret ClusteringExperiment
2025-06-02 22:42:17,871:INFO:Logging name: cluster-default-name
2025-06-02 22:42:17,871:INFO:ML Usecase: MLUsecase.CLUSTERING
2025-06-02 22:42:17,871:INFO:version 3.2.0
2025-06-02 22:42:17,871:INFO:Initializing setup()
2025-06-02 22:42:17,871:INFO:self.USI: ca16
2025-06-02 22:42:17,871:INFO:self._variable_keys: {'seed', 'idx', 'exp_name_log', 'exp_id', 'log_plots_param', '_available_plots', 'USI', 'X', 'data', 'memory', 'pipeline', 'html_param', '_ml_usecase', 'n_jobs_param', 'logging_param', 'gpu_param', 'gpu_n_jobs_param'}
2025-06-02 22:42:17,871:INFO:Checking environment
2025-06-02 22:42:17,871:INFO:python_version: 3.11.0
2025-06-02 22:42:17,871:INFO:python_build: ('main', 'Oct 24 2022 18:26:48')
2025-06-02 22:42:17,871:INFO:machine: AMD64
2025-06-02 22:42:17,872:INFO:platform: Windows-10-10.0.19045-SP0
2025-06-02 22:42:17,876:INFO:Memory: svmem(total=34286215168, available=18294996992, percent=46.6, used=15991218176, free=18294996992)
2025-06-02 22:42:17,876:INFO:Physical Core: 6
2025-06-02 22:42:17,876:INFO:Logical Core: 12
2025-06-02 22:42:17,876:INFO:Checking libraries
2025-06-02 22:42:17,876:INFO:System:
2025-06-02 22:42:17,876:INFO:    python: 3.11.0 (main, Oct 24 2022, 18:26:48) [MSC v.1933 64 bit (AMD64)]
2025-06-02 22:42:17,876:INFO:executable: C:\Users\GGjoe\AppData\Local\Programs\Python\Python311\python.exe
2025-06-02 22:42:17,876:INFO:   machine: Windows-10-10.0.19045-SP0
2025-06-02 22:42:17,876:INFO:PyCaret required dependencies:
2025-06-02 22:42:17,876:INFO:                 pip: 22.3
2025-06-02 22:42:17,876:INFO:          setuptools: 65.5.0
2025-06-02 22:42:17,876:INFO:             pycaret: 3.2.0
2025-06-02 22:42:17,876:INFO:             IPython: 9.2.0
2025-06-02 22:42:17,876:INFO:          ipywidgets: 8.1.7
2025-06-02 22:42:17,876:INFO:                tqdm: 4.67.1
2025-06-02 22:42:17,876:INFO:               numpy: 1.25.2
2025-06-02 22:42:17,876:INFO:              pandas: 1.5.3
2025-06-02 22:42:17,876:INFO:              jinja2: 3.1.6
2025-06-02 22:42:17,876:INFO:               scipy: 1.10.1
2025-06-02 22:42:17,876:INFO:              joblib: 1.3.2
2025-06-02 22:42:17,876:INFO:             sklearn: 1.2.2
2025-06-02 22:42:17,877:INFO:                pyod: 2.0.5
2025-06-02 22:42:17,877:INFO:            imblearn: 0.12.4
2025-06-02 22:42:17,877:INFO:   category_encoders: 2.7.0
2025-06-02 22:42:17,877:INFO:            lightgbm: 4.6.0
2025-06-02 22:42:17,877:INFO:               numba: 0.61.0
2025-06-02 22:42:17,877:INFO:            requests: 2.32.3
2025-06-02 22:42:17,877:INFO:          matplotlib: 3.6.0
2025-06-02 22:42:17,877:INFO:          scikitplot: 0.3.7
2025-06-02 22:42:17,877:INFO:         yellowbrick: 1.5
2025-06-02 22:42:17,877:INFO:              plotly: 5.24.1
2025-06-02 22:42:17,877:INFO:    plotly-resampler: Not installed
2025-06-02 22:42:17,877:INFO:             kaleido: 0.2.1
2025-06-02 22:42:17,877:INFO:           schemdraw: 0.15
2025-06-02 22:42:17,877:INFO:         statsmodels: 0.14.4
2025-06-02 22:42:17,877:INFO:              sktime: 0.21.1
2025-06-02 22:42:17,877:INFO:               tbats: 1.1.3
2025-06-02 22:42:17,877:INFO:            pmdarima: 2.0.4
2025-06-02 22:42:17,877:INFO:              psutil: 7.0.0
2025-06-02 22:42:17,877:INFO:          markupsafe: 3.0.2
2025-06-02 22:42:17,877:INFO:             pickle5: Not installed
2025-06-02 22:42:17,877:INFO:         cloudpickle: 2.2.1
2025-06-02 22:42:17,877:INFO:         deprecation: 2.1.0
2025-06-02 22:42:17,877:INFO:              xxhash: 3.5.0
2025-06-02 22:42:17,877:INFO:           wurlitzer: Not installed
2025-06-02 22:42:17,877:INFO:PyCaret optional dependencies:
2025-06-02 22:42:17,877:INFO:                shap: 0.44.1
2025-06-02 22:42:17,877:INFO:           interpret: 0.6.10
2025-06-02 22:42:17,877:INFO:                umap: 0.5.7
2025-06-02 22:42:17,878:INFO:     ydata_profiling: 4.16.1
2025-06-02 22:42:17,878:INFO:  explainerdashboard: 0.4.8
2025-06-02 22:42:17,878:INFO:             autoviz: Not installed
2025-06-02 22:42:17,878:INFO:           fairlearn: 0.7.0
2025-06-02 22:42:17,878:INFO:          deepchecks: Not installed
2025-06-02 22:42:17,878:INFO:             xgboost: Not installed
2025-06-02 22:42:17,878:INFO:            catboost: Not installed
2025-06-02 22:42:17,878:INFO:              kmodes: Not installed
2025-06-02 22:42:17,878:INFO:             mlxtend: Not installed
2025-06-02 22:42:17,878:INFO:       statsforecast: Not installed
2025-06-02 22:42:17,878:INFO:        tune_sklearn: Not installed
2025-06-02 22:42:17,878:INFO:                 ray: Not installed
2025-06-02 22:42:17,878:INFO:            hyperopt: Not installed
2025-06-02 22:42:17,878:INFO:              optuna: Not installed
2025-06-02 22:42:17,878:INFO:               skopt: Not installed
2025-06-02 22:42:17,878:INFO:              mlflow: 2.22.0
2025-06-02 22:42:17,878:INFO:              gradio: Not installed
2025-06-02 22:42:17,878:INFO:             fastapi: 0.115.12
2025-06-02 22:42:17,878:INFO:             uvicorn: 0.34.2
2025-06-02 22:42:17,878:INFO:              m2cgen: Not installed
2025-06-02 22:42:17,878:INFO:           evidently: Not installed
2025-06-02 22:42:17,878:INFO:               fugue: Not installed
2025-06-02 22:42:17,878:INFO:           streamlit: Not installed
2025-06-02 22:42:17,878:INFO:             prophet: Not installed
2025-06-02 22:42:17,878:INFO:None
2025-06-02 22:42:17,878:INFO:Set up data.
2025-06-02 22:42:17,881:INFO:Set up index.
2025-06-02 22:42:17,881:INFO:Assigning column types.
2025-06-02 22:42:17,883:INFO:Engine successfully changes for model 'kmeans' to 'sklearn'.
2025-06-02 22:42:17,883:INFO:Engine for model 'dbscan' has not been set explicitly, hence returning None.
2025-06-02 22:42:17,883:WARNING:
'kmodes' is a soft dependency and not included in the pycaret installation. Please run: `pip install kmodes` to install.
Alternately, you can install this by running `pip install pycaret[models]`
2025-06-02 22:42:17,883:INFO:Engine for model 'dbscan' has not been set explicitly, hence returning None.
2025-06-02 22:42:17,883:WARNING:
'kmodes' is a soft dependency and not included in the pycaret installation. Please run: `pip install kmodes` to install.
Alternately, you can install this by running `pip install pycaret[models]`
2025-06-02 22:42:17,883:INFO:Engine successfully changes for model 'dbscan' to 'sklearn'.
2025-06-02 22:42:17,883:WARNING:
'kmodes' is a soft dependency and not included in the pycaret installation. Please run: `pip install kmodes` to install.
Alternately, you can install this by running `pip install pycaret[models]`
2025-06-02 22:42:17,883:WARNING:
'kmodes' is a soft dependency and not included in the pycaret installation. Please run: `pip install kmodes` to install.
Alternately, you can install this by running `pip install pycaret[models]`
2025-06-02 22:42:17,884:INFO:Preparing preprocessing pipeline...
2025-06-02 22:42:17,884:INFO:Set up simple imputation.
2025-06-02 22:42:17,897:INFO:Finished creating preprocessing pipeline.
2025-06-02 22:42:17,900:INFO:Pipeline: Pipeline(memory=FastMemory(location=C:\Users\GGjoe\AppData\Local\Temp\joblib),
         steps=[('numerical_imputer',
                 TransformerWrapper(include=['edad', 'ingresos_mensuales',
                                             'gastos_mensuales', 'visitas_app',
                                             'usa_web', 'numero_tarjetas',
                                             'score_crediticio',
                                             'reclamos_anuales',
                                             'actividad_mixta'],
                                    transformer=SimpleImputer())),
                ('categorical_imputer',
                 TransformerWrapper(include=[],
                                    transformer=SimpleImputer(strategy='most_frequent')))])
2025-06-02 22:42:17,900:INFO:Creating final display dataframe.
2025-06-02 22:42:17,912:INFO:Setup _display_container:                Description                 Value
0               Session id                   123
1      Original data shape                (1, 9)
2   Transformed data shape                (1, 9)
3         Numeric features                     9
4               Preprocess                  True
5          Imputation type                simple
6       Numeric imputation                  mean
7   Categorical imputation                  mode
8                 CPU Jobs                    -1
9                  Use GPU                 False
10          Log Experiment                 False
11         Experiment Name  cluster-default-name
12                     USI                  ca16
2025-06-02 22:42:17,916:WARNING:
'kmodes' is a soft dependency and not included in the pycaret installation. Please run: `pip install kmodes` to install.
Alternately, you can install this by running `pip install pycaret[models]`
2025-06-02 22:42:17,916:WARNING:
'kmodes' is a soft dependency and not included in the pycaret installation. Please run: `pip install kmodes` to install.
Alternately, you can install this by running `pip install pycaret[models]`
2025-06-02 22:42:17,916:INFO:setup() successfully completed in 0.05s...............
2025-06-02 22:42:17,920:INFO:Initializing predict_model()
2025-06-02 22:42:17,921:INFO:predict_model(self=<pycaret.clustering.oop.ClusteringExperiment object at 0x00000195BBE30CD0>, estimator=Pipeline(memory=Memory(location=None),
         steps=[('numerical_imputer',
                 TransformerWrapper(include=['edad', 'ingresos_mensuales',
                                             'gastos_mensuales', 'visitas_app',
                                             'usa_web', 'numero_tarjetas',
                                             'score_crediticio',
                                             'reclamos_anuales',
                                             'actividad_mixta'],
                                    transformer=SimpleImputer())),
                ('categorical_imputer',
                 TransformerWrapper(include=[],
                                    transformer=SimpleImputer(strategy='most_frequent'))),
                ('normalize', TransformerWrapper(transformer=StandardScaler())),
                ('trained_model', KMeans(n_clusters=4, random_state=123))]), ml_usecase=None)
2025-06-02 22:42:17,921:INFO:Set up data.
